Added Component: Designator=C1(CAP_0603)
Added Component: Designator=C2(CAP_0603)
Added Component: Designator=C3(CAP_TAN_A1206)
Added Component: Designator=C4(CAP_0603)
Added Component: Designator=C5(CAP_0603)
Added Component: Designator=C6(CAP_0603)
Added Component: Designator=C7(CAP_0603)
Added Component: Designator=C8(CAP_0603)
Added Component: Designator=C9(CAP_0603)
Added Component: Designator=C10(CAP_0603)
Added Component: Designator=C11(CAP_0603)
Added Component: Designator=C12(CAP_0603)
Added Component: Designator=C13(CAP_0603)
Added Component: Designator=C14(CAP_0603)
Added Component: Designator=L1(IND_CD32)
Added Component: Designator=R1(RES_0603)
Added Component: Designator=R2(RES_0603)
Added Component: Designator=R3(RES_0603)
Added Component: Designator=R4(RES_0603)
Added Component: Designator=R5(RES_0603)
Added Component: Designator=R6(RES_0603)
Added Component: Designator=U1(PWP0028D_L)
Added Component: Designator=U2(SOIC_E200_8)
Added Component: Designator=XT1(XT_3225_4)
Added Pin To Net: NetName=3.3V Pin=C6-1
Added Pin To Net: NetName=3.3V Pin=C7-1
Added Pin To Net: NetName=3.3V Pin=C8-1
Added Pin To Net: NetName=3.3V Pin=C9-1
Added Pin To Net: NetName=3.3V Pin=C10-1
Added Pin To Net: NetName=3.3V Pin=C11-1
Added Pin To Net: NetName=3.3V Pin=R6-2
Added Net: Name=3.3V
Added Pin To Net: NetName=GND Pin=C2-1
Added Pin To Net: NetName=GND Pin=C3-2
Added Pin To Net: NetName=GND Pin=C4-1
Added Pin To Net: NetName=GND Pin=C5-1
Added Pin To Net: NetName=GND Pin=C12-1
Added Pin To Net: NetName=GND Pin=C13-1
Added Pin To Net: NetName=GND Pin=C14-1
Added Pin To Net: NetName=GND Pin=R3-1
Added Pin To Net: NetName=GND Pin=R5-2
Added Pin To Net: NetName=GND Pin=U2-4
Added Pin To Net: NetName=GND Pin=XT1-2
Added Pin To Net: NetName=GND Pin=XT1-4
Added Net: Name=GND
Added Pin To Net: NetName=NetC1_1 Pin=C1-1
Added Pin To Net: NetName=NetC1_1 Pin=U2-1
Added Net: Name=NetC1_1
Added Pin To Net: NetName=NetC1_2 Pin=C1-2
Added Pin To Net: NetName=NetC1_2 Pin=L1-1
Added Pin To Net: NetName=NetC1_2 Pin=U2-3
Added Net: Name=NetC1_2
Added Pin To Net: NetName=NetC2_2 Pin=C2-2
Added Pin To Net: NetName=NetC2_2 Pin=R1-1
Added Pin To Net: NetName=NetC2_2 Pin=U2-2
Added Net: Name=NetC2_2
Added Pin To Net: NetName=NetC3_1 Pin=C3-1
Added Pin To Net: NetName=NetC3_1 Pin=L1-2
Added Pin To Net: NetName=NetC3_1 Pin=R2-2
Added Net: Name=NetC3_1
Added Pin To Net: NetName=NetC4_2 Pin=C4-2
Added Pin To Net: NetName=NetC4_2 Pin=U2-8
Added Net: Name=NetC4_2
Added Pin To Net: NetName=NetC5_2 Pin=C5-2
Added Pin To Net: NetName=NetC5_2 Pin=R4-1
Added Net: Name=NetC5_2
Added Pin To Net: NetName=NetC6_2 Pin=C6-2
Added Net: Name=NetC6_2
Added Pin To Net: NetName=NetC7_2 Pin=C7-2
Added Net: Name=NetC7_2
Added Pin To Net: NetName=NetC8_2 Pin=C8-2
Added Net: Name=NetC8_2
Added Pin To Net: NetName=NetC9_2 Pin=C9-2
Added Net: Name=NetC9_2
Added Pin To Net: NetName=NetC10_2 Pin=C10-2
Added Net: Name=NetC10_2
Added Pin To Net: NetName=NetC11_2 Pin=C11-2
Added Net: Name=NetC11_2
Added Pin To Net: NetName=NetC14_2 Pin=C14-2
Added Pin To Net: NetName=NetC14_2 Pin=R6-1
Added Net: Name=NetC14_2
Added Pin To Net: NetName=NetR1_2 Pin=R1-2
Added Pin To Net: NetName=NetR1_2 Pin=U2-7
Added Net: Name=NetR1_2
Added Pin To Net: NetName=NetR2_1 Pin=R2-1
Added Pin To Net: NetName=NetR2_1 Pin=R3-2
Added Pin To Net: NetName=NetR2_1 Pin=U2-5
Added Net: Name=NetR2_1
Added Pin To Net: NetName=NetR4_2 Pin=R4-2
Added Pin To Net: NetName=NetR4_2 Pin=U2-6
Added Net: Name=NetR4_2
Added Pin To Net: NetName=NetR5_1 Pin=R5-1
Added Net: Name=NetR5_1
Added Pin To Net: NetName=OCIN Pin=C12-2
Added Pin To Net: NetName=OCIN Pin=XT1-1
Added Net: Name=OCIN
Added Pin To Net: NetName=OCOUT Pin=C13-2
Added Pin To Net: NetName=OCOUT Pin=XT1-3
Added Net: Name=OCOUT
Added Class: Name=U_drv8825
Added Class: Name=U_power
Added Class: Name=U_stm32f1
Added Room: Name=U_drv8825
Added Room: Name=U_power
Added Room: Name=U_stm32f1
